This file contains any messages produced by compilers while
running configure, to aid debugging if configure makes a mistake.

It was created by SUNDIALS configure 2.1.1, which was
generated by GNU Autoconf 2.59.  Invocation command line was

  $ ./configure 

## --------- ##
## Platform. ##
## --------- ##

hostname = Andrew-PC
uname -m = i686
uname -r = 1.5.17(0.129/4/2)
uname -s = CYGWIN_NT-5.1
uname -v = 2005-05-25 19:38

/usr/bin/uname -p = unknown
/bin/uname -X     = unknown

/bin/arch              = unknown
/usr/bin/arch -k       = unknown
/usr/convex/getsysinfo = unknown
hostinfo               = unknown
/bin/machine           = unknown
/usr/bin/oslevel       = unknown
/bin/universe          = unknown

PATH: /usr/local/bin
PATH: /usr/bin
PATH: /bin
PATH: /usr/X11R6/bin
PATH: /cygdrive/c/Program Files/Java/jre1.5.0_02/bin
PATH: /cygdrive/c/Documents and Settings/Andrew Finney/My Documents/Visual Studio Projects/WinCVODE/Debug
PATH: /cygdrive/c/SystemCellDevVersion/omtbase/oserver/bin
PATH: /usr/bin
PATH: /cygdrive/c/Program Files/doxygen/bin
PATH: /cygdrive/c/Program Files/Seapine/Surround SCM
PATH: /cygdrive/c/Program Files/Seapine/License Server
PATH: /cygdrive/c/Program Files/Borland/StarTeam SDK 2005/Lib
PATH: /cygdrive/c/Program Files/Borland/StarTeam SDK 2005/Bin
PATH: /cygdrive/c/PROGRA~1/ATT/Graphviz/bin
PATH: /cygdrive/c/PROGRA~1/ATT/Graphviz/bin/tools
PATH: /cygdrive/c/Program Files/MATLAB704/bin/win32
PATH: /cygdrive/h/SFORGE_CVS/SBML_odeSolver/Win32/bin
PATH: /cygdrive/h/SFORGE_CVS/libsbml/win32/bin
PATH: /cygdrive/c/Programs/gnuplot/bin
PATH: /cygdrive/c/models


## ----------- ##
## Core tests. ##
## ----------- ##

configure:1596: checking build system type
configure:1614: result: i686-pc-cygwin
configure:1624: checking host system type
configure:1638: result: i686-pc-cygwin
configure:1655: checking whether make sets $(MAKE)
configure:1675: result: yes
configure:1700: checking for a BSD-compatible install
configure:1755: result: /usr/bin/install -c
configure:1973: checking for egrep
configure:1983: result: grep -E
configure:2002: checking for sys/types.h
configure:2018: cc -c   conftest.c >&5
configure:2024: $? = 0
configure:2028: test -z 
			 || test ! -s conftest.err
configure:2031: $? = 0
configure:2034: test -s conftest.
configure:2037: $? = 1
configure: failed program was:
| /* confdefs.h.  */
| 
| #define PACKAGE_NAME "SUNDIALS"
| #define PACKAGE_TARNAME "sundials"
| #define PACKAGE_VERSION "2.1.1"
| #define PACKAGE_STRING "SUNDIALS 2.1.1"
| #define PACKAGE_BUGREPORT "radu@llnl.gov"
| /* end confdefs.h.  */
| #include <stdio.h>
| #if HAVE_SYS_TYPES_H
| # include <sys/types.h>
| #endif
| #if HAVE_SYS_STAT_H
| # include <sys/stat.h>
| #endif
| #if STDC_HEADERS
| # include <stdlib.h>
| # include <stddef.h>
| #else
| # if HAVE_STDLIB_H
| #  include <stdlib.h>
| # endif
| #endif
| #if HAVE_STRING_H
| # if !STDC_HEADERS && HAVE_MEMORY_H
| #  include <memory.h>
| # endif
| # include <string.h>
| #endif
| #if HAVE_STRINGS_H
| # include <strings.h>
| #endif
| #if HAVE_INTTYPES_H
| # include <inttypes.h>
| #else
| # if HAVE_STDINT_H
| #  include <stdint.h>
| # endif
| #endif
| #if HAVE_UNISTD_H
| # include <unistd.h>
| #endif
| 
| #include <sys/types.h>
configure:2048: result: no
configure:2002: checking for sys/stat.h
configure:2018: cc -c   conftest.c >&5
configure:2024: $? = 0
configure:2028: test -z 
			 || test ! -s conftest.err
configure:2031: $? = 0
configure:2034: test -s conftest.
configure:2037: $? = 1
configure: failed program was:
| /* confdefs.h.  */
| 
| #define PACKAGE_NAME "SUNDIALS"
| #define PACKAGE_TARNAME "sundials"
| #define PACKAGE_VERSION "2.1.1"
| #define PACKAGE_STRING "SUNDIALS 2.1.1"
| #define PACKAGE_BUGREPORT "radu@llnl.gov"
| /* end confdefs.h.  */
| #include <stdio.h>
| #if HAVE_SYS_TYPES_H
| # include <sys/types.h>
| #endif
| #if HAVE_SYS_STAT_H
| # include <sys/stat.h>
| #endif
| #if STDC_HEADERS
| # include <stdlib.h>
| # include <stddef.h>
| #else
| # if HAVE_STDLIB_H
| #  include <stdlib.h>
| # endif
| #endif
| #if HAVE_STRING_H
| # if !STDC_HEADERS && HAVE_MEMORY_H
| #  include <memory.h>
| # endif
| # include <string.h>
| #endif
| #if HAVE_STRINGS_H
| # include <strings.h>
| #endif
| #if HAVE_INTTYPES_H
| # include <inttypes.h>
| #else
| # if HAVE_STDINT_H
| #  include <stdint.h>
| # endif
| #endif
| #if HAVE_UNISTD_H
| # include <unistd.h>
| #endif
| 
| #include <sys/stat.h>
configure:2048: result: no
configure:2002: checking for stdlib.h
configure:2018: cc -c   conftest.c >&5
configure:2024: $? = 0
configure:2028: test -z 
			 || test ! -s conftest.err
configure:2031: $? = 0
configure:2034: test -s conftest.
configure:2037: $? = 1
configure: failed program was:
| /* confdefs.h.  */
| 
| #define PACKAGE_NAME "SUNDIALS"
| #define PACKAGE_TARNAME "sundials"
| #define PACKAGE_VERSION "2.1.1"
| #define PACKAGE_STRING "SUNDIALS 2.1.1"
| #define PACKAGE_BUGREPORT "radu@llnl.gov"
| /* end confdefs.h.  */
| #include <stdio.h>
| #if HAVE_SYS_TYPES_H
| # include <sys/types.h>
| #endif
| #if HAVE_SYS_STAT_H
| # include <sys/stat.h>
| #endif
| #if STDC_HEADERS
| # include <stdlib.h>
| # include <stddef.h>
| #else
| # if HAVE_STDLIB_H
| #  include <stdlib.h>
| # endif
| #endif
| #if HAVE_STRING_H
| # if !STDC_HEADERS && HAVE_MEMORY_H
| #  include <memory.h>
| # endif
| # include <string.h>
| #endif
| #if HAVE_STRINGS_H
| # include <strings.h>
| #endif
| #if HAVE_INTTYPES_H
| # include <inttypes.h>
| #else
| # if HAVE_STDINT_H
| #  include <stdint.h>
| # endif
| #endif
| #if HAVE_UNISTD_H
| # include <unistd.h>
| #endif
| 
| #include <stdlib.h>
configure:2048: result: no
configure:2002: checking for string.h
configure:2018: cc -c   conftest.c >&5
configure:2024: $? = 0
configure:2028: test -z 
			 || test ! -s conftest.err
configure:2031: $? = 0
configure:2034: test -s conftest.
configure:2037: $? = 1
configure: failed program was:
| /* confdefs.h.  */
| 
| #define PACKAGE_NAME "SUNDIALS"
| #define PACKAGE_TARNAME "sundials"
| #define PACKAGE_VERSION "2.1.1"
| #define PACKAGE_STRING "SUNDIALS 2.1.1"
| #define PACKAGE_BUGREPORT "radu@llnl.gov"
| /* end confdefs.h.  */
| #include <stdio.h>
| #if HAVE_SYS_TYPES_H
| # include <sys/types.h>
| #endif
| #if HAVE_SYS_STAT_H
| # include <sys/stat.h>
| #endif
| #if STDC_HEADERS
| # include <stdlib.h>
| # include <stddef.h>
| #else
| # if HAVE_STDLIB_H
| #  include <stdlib.h>
| # endif
| #endif
| #if HAVE_STRING_H
| # if !STDC_HEADERS && HAVE_MEMORY_H
| #  include <memory.h>
| # endif
| # include <string.h>
| #endif
| #if HAVE_STRINGS_H
| # include <strings.h>
| #endif
| #if HAVE_INTTYPES_H
| # include <inttypes.h>
| #else
| # if HAVE_STDINT_H
| #  include <stdint.h>
| # endif
| #endif
| #if HAVE_UNISTD_H
| # include <unistd.h>
| #endif
| 
| #include <string.h>
configure:2048: result: no
configure:2002: checking for memory.h
configure:2018: cc -c   conftest.c >&5
configure:2024: $? = 0
configure:2028: test -z 
			 || test ! -s conftest.err
configure:2031: $? = 0
configure:2034: test -s conftest.
configure:2037: $? = 1
configure: failed program was:
| /* confdefs.h.  */
| 
| #define PACKAGE_NAME "SUNDIALS"
| #define PACKAGE_TARNAME "sundials"
| #define PACKAGE_VERSION "2.1.1"
| #define PACKAGE_STRING "SUNDIALS 2.1.1"
| #define PACKAGE_BUGREPORT "radu@llnl.gov"
| /* end confdefs.h.  */
| #include <stdio.h>
| #if HAVE_SYS_TYPES_H
| # include <sys/types.h>
| #endif
| #if HAVE_SYS_STAT_H
| # include <sys/stat.h>
| #endif
| #if STDC_HEADERS
| # include <stdlib.h>
| # include <stddef.h>
| #else
| # if HAVE_STDLIB_H
| #  include <stdlib.h>
| # endif
| #endif
| #if HAVE_STRING_H
| # if !STDC_HEADERS && HAVE_MEMORY_H
| #  include <memory.h>
| # endif
| # include <string.h>
| #endif
| #if HAVE_STRINGS_H
| # include <strings.h>
| #endif
| #if HAVE_INTTYPES_H
| # include <inttypes.h>
| #else
| # if HAVE_STDINT_H
| #  include <stdint.h>
| # endif
| #endif
| #if HAVE_UNISTD_H
| # include <unistd.h>
| #endif
| 
| #include <memory.h>
configure:2048: result: no
configure:2002: checking for strings.h
configure:2018: cc -c   conftest.c >&5
configure:2024: $? = 0
configure:2028: test -z 
			 || test ! -s conftest.err
configure:2031: $? = 0
configure:2034: test -s conftest.
configure:2037: $? = 1
configure: failed program was:
| /* confdefs.h.  */
| 
| #define PACKAGE_NAME "SUNDIALS"
| #define PACKAGE_TARNAME "sundials"
| #define PACKAGE_VERSION "2.1.1"
| #define PACKAGE_STRING "SUNDIALS 2.1.1"
| #define PACKAGE_BUGREPORT "radu@llnl.gov"
| /* end confdefs.h.  */
| #include <stdio.h>
| #if HAVE_SYS_TYPES_H
| # include <sys/types.h>
| #endif
| #if HAVE_SYS_STAT_H
| # include <sys/stat.h>
| #endif
| #if STDC_HEADERS
| # include <stdlib.h>
| # include <stddef.h>
| #else
| # if HAVE_STDLIB_H
| #  include <stdlib.h>
| # endif
| #endif
| #if HAVE_STRING_H
| # if !STDC_HEADERS && HAVE_MEMORY_H
| #  include <memory.h>
| # endif
| # include <string.h>
| #endif
| #if HAVE_STRINGS_H
| # include <strings.h>
| #endif
| #if HAVE_INTTYPES_H
| # include <inttypes.h>
| #else
| # if HAVE_STDINT_H
| #  include <stdint.h>
| # endif
| #endif
| #if HAVE_UNISTD_H
| # include <unistd.h>
| #endif
| 
| #include <strings.h>
configure:2048: result: no
configure:2002: checking for inttypes.h
configure:2018: cc -c   conftest.c >&5
configure:2024: $? = 0
configure:2028: test -z 
			 || test ! -s conftest.err
configure:2031: $? = 0
configure:2034: test -s conftest.
configure:2037: $? = 1
configure: failed program was:
| /* confdefs.h.  */
| 
| #define PACKAGE_NAME "SUNDIALS"
| #define PACKAGE_TARNAME "sundials"
| #define PACKAGE_VERSION "2.1.1"
| #define PACKAGE_STRING "SUNDIALS 2.1.1"
| #define PACKAGE_BUGREPORT "radu@llnl.gov"
| /* end confdefs.h.  */
| #include <stdio.h>
| #if HAVE_SYS_TYPES_H
| # include <sys/types.h>
| #endif
| #if HAVE_SYS_STAT_H
| # include <sys/stat.h>
| #endif
| #if STDC_HEADERS
| # include <stdlib.h>
| # include <stddef.h>
| #else
| # if HAVE_STDLIB_H
| #  include <stdlib.h>
| # endif
| #endif
| #if HAVE_STRING_H
| # if !STDC_HEADERS && HAVE_MEMORY_H
| #  include <memory.h>
| # endif
| # include <string.h>
| #endif
| #if HAVE_STRINGS_H
| # include <strings.h>
| #endif
| #if HAVE_INTTYPES_H
| # include <inttypes.h>
| #else
| # if HAVE_STDINT_H
| #  include <stdint.h>
| # endif
| #endif
| #if HAVE_UNISTD_H
| # include <unistd.h>
| #endif
| 
| #include <inttypes.h>
configure:2048: result: no
configure:2002: checking for stdint.h
configure:2018: cc -c   conftest.c >&5
configure:2024: $? = 0
configure:2028: test -z 
			 || test ! -s conftest.err
configure:2031: $? = 0
configure:2034: test -s conftest.
configure:2037: $? = 1
configure: failed program was:
| /* confdefs.h.  */
| 
| #define PACKAGE_NAME "SUNDIALS"
| #define PACKAGE_TARNAME "sundials"
| #define PACKAGE_VERSION "2.1.1"
| #define PACKAGE_STRING "SUNDIALS 2.1.1"
| #define PACKAGE_BUGREPORT "radu@llnl.gov"
| /* end confdefs.h.  */
| #include <stdio.h>
| #if HAVE_SYS_TYPES_H
| # include <sys/types.h>
| #endif
| #if HAVE_SYS_STAT_H
| # include <sys/stat.h>
| #endif
| #if STDC_HEADERS
| # include <stdlib.h>
| # include <stddef.h>
| #else
| # if HAVE_STDLIB_H
| #  include <stdlib.h>
| # endif
| #endif
| #if HAVE_STRING_H
| # if !STDC_HEADERS && HAVE_MEMORY_H
| #  include <memory.h>
| # endif
| # include <string.h>
| #endif
| #if HAVE_STRINGS_H
| # include <strings.h>
| #endif
| #if HAVE_INTTYPES_H
| # include <inttypes.h>
| #else
| # if HAVE_STDINT_H
| #  include <stdint.h>
| # endif
| #endif
| #if HAVE_UNISTD_H
| # include <unistd.h>
| #endif
| 
| #include <stdint.h>
configure:2048: result: no
configure:2002: checking for unistd.h
configure:2018: cc -c   conftest.c >&5
configure:2024: $? = 0
configure:2028: test -z 
			 || test ! -s conftest.err
configure:2031: $? = 0
configure:2034: test -s conftest.
configure:2037: $? = 1
configure: failed program was:
| /* confdefs.h.  */
| 
| #define PACKAGE_NAME "SUNDIALS"
| #define PACKAGE_TARNAME "sundials"
| #define PACKAGE_VERSION "2.1.1"
| #define PACKAGE_STRING "SUNDIALS 2.1.1"
| #define PACKAGE_BUGREPORT "radu@llnl.gov"
| /* end confdefs.h.  */
| #include <stdio.h>
| #if HAVE_SYS_TYPES_H
| # include <sys/types.h>
| #endif
| #if HAVE_SYS_STAT_H
| # include <sys/stat.h>
| #endif
| #if STDC_HEADERS
| # include <stdlib.h>
| # include <stddef.h>
| #else
| # if HAVE_STDLIB_H
| #  include <stdlib.h>
| # endif
| #endif
| #if HAVE_STRING_H
| # if !STDC_HEADERS && HAVE_MEMORY_H
| #  include <memory.h>
| # endif
| # include <string.h>
| #endif
| #if HAVE_STRINGS_H
| # include <strings.h>
| #endif
| #if HAVE_INTTYPES_H
| # include <inttypes.h>
| #else
| # if HAVE_STDINT_H
| #  include <stdint.h>
| # endif
| #endif
| #if HAVE_UNISTD_H
| # include <unistd.h>
| #endif
| 
| #include <unistd.h>
configure:2048: result: no
configure:2090: checking floating-point data type to use
configure:2133: result: double
configure:2210: checking for cc
configure:2226: found /usr/bin/cc
configure:2236: result: cc
configure:2257: checking for C compiler version
configure:2260: cc --version </dev/null >&5
cc (GCC) 3.3.3 (cygwin special)
Copyright (C) 2003 Free Software Foundation, Inc.
This is free software; see the source for copying conditions.  There is NO
warranty; not even for MERCHANTABILITY or FITNESS FOR A PARTICULAR PURPOSE.

configure:2263: $? = 0
configure:2265: cc -v </dev/null >&5
Reading specs from /usr/lib/gcc-lib/i686-pc-cygwin/3.3.3/specs
Configured with: /gcc/gcc-3.3.3-3/configure --verbose --prefix=/usr --exec-prefix=/usr --sysconfdir=/etc --libdir=/usr/lib --libexecdir=/usr/lib --mandir=/usr/share/man --infodir=/usr/share/info --enable-languages=c,ada,c++,d,f77,java,objc,pascal --enable-nls --without-included-gettext --enable-libgcj --with-system-zlib --enable-interpreter --enable-threads=posix --enable-java-gc=boehm --enable-sjlj-exceptions --disable-version-specific-runtime-libs --disable-win32-registry
Thread model: posix
gcc version 3.3.3 (cygwin special)
configure:2268: $? = 0
configure:2270: cc -V </dev/null >&5
cc: `-V' option must have argument
configure:2273: $? = 1
configure:2296: checking for C compiler default output file name
configure:2299: cc    conftest.c  >&5
configure:2302: $? = 0
configure:2348: result: a.exe
configure:2353: checking whether the C compiler works
configure:2359: ./a.exe
configure:2362: $? = 0
configure:2379: result: yes
configure:2386: checking whether we are cross compiling
configure:2388: result: no
configure:2391: checking for suffix of executables
configure:2393: cc -o conftest.exe    conftest.c  >&5
configure:2396: $? = 0
configure:2421: result: .exe
configure:2427: checking for suffix of object files
configure:2448: cc -c   conftest.c >&5
configure:2451: $? = 0
configure:2473: result: o
configure:2477: checking whether we are using the GNU C compiler
configure:2501: cc -c   conftest.c >&5
configure:2507: $? = 0
configure:2511: test -z 
			 || test ! -s conftest.err
configure:2514: $? = 0
configure:2517: test -s conftest.o
configure:2520: $? = 0
configure:2533: result: yes
configure:2539: checking whether cc accepts -g
configure:2560: cc -c -g  conftest.c >&5
configure:2566: $? = 0
configure:2570: test -z 
			 || test ! -s conftest.err
configure:2573: $? = 0
configure:2576: test -s conftest.o
configure:2579: $? = 0
configure:2590: result: yes
configure:2607: checking for cc option to accept ANSI C
configure:2677: cc  -c -g -O2  conftest.c >&5
configure:2683: $? = 0
configure:2687: test -z 
			 || test ! -s conftest.err
configure:2690: $? = 0
configure:2693: test -s conftest.o
configure:2696: $? = 0
configure:2714: result: none needed
configure:2732: cc -c -g -O2  conftest.c >&5
conftest.c:2: error: parse error before "me"
configure:2738: $? = 1
configure: failed program was:
| #ifndef __cplusplus
|   choke me
| #endif
configure:2888: checking for cc
configure:2906: found /usr/bin/cc
configure:2919: result: /usr/bin/cc
configure:2935: checking for extra C compiler flags
configure:2948: result: none
configure:2962: checking how to run the C preprocessor
configure:2997: /usr/bin/cc -E  conftest.c
configure:3003: $? = 0
configure:3035: /usr/bin/cc -E  conftest.c
conftest.c:10:28: ac_nonexistent.h: No such file or directory
configure:3041: $? = 1
configure: failed program was:
| /* confdefs.h.  */
| 
| #define PACKAGE_NAME "SUNDIALS"
| #define PACKAGE_TARNAME "sundials"
| #define PACKAGE_VERSION "2.1.1"
| #define PACKAGE_STRING "SUNDIALS 2.1.1"
| #define PACKAGE_BUGREPORT "radu@llnl.gov"
| #define SUNDIALS_DOUBLE_PRECISION 1
| /* end confdefs.h.  */
| #include <ac_nonexistent.h>
configure:3080: result: /usr/bin/cc -E
configure:3104: /usr/bin/cc -E  conftest.c
configure:3110: $? = 0
configure:3142: /usr/bin/cc -E  conftest.c
conftest.c:10:28: ac_nonexistent.h: No such file or directory
configure:3148: $? = 1
configure: failed program was:
| /* confdefs.h.  */
| 
| #define PACKAGE_NAME "SUNDIALS"
| #define PACKAGE_TARNAME "sundials"
| #define PACKAGE_VERSION "2.1.1"
| #define PACKAGE_STRING "SUNDIALS 2.1.1"
| #define PACKAGE_BUGREPORT "radu@llnl.gov"
| #define SUNDIALS_DOUBLE_PRECISION 1
| /* end confdefs.h.  */
| #include <ac_nonexistent.h>
configure:3193: checking for extra C/C++ preprocessor flags
configure:3210: result: none
configure:3254: checking for extra linker flags
configure:3271: result: none
configure:3276: checking for extra libraries
configure:3293: result: none
configure:3301: checking for ANSI C header files
configure:3326: /usr/bin/cc -c -g -O2  conftest.c >&5
configure:3332: $? = 0
configure:3336: test -z 
			 || test ! -s conftest.err
configure:3339: $? = 0
configure:3342: test -s conftest.o
configure:3345: $? = 0
configure:3431: /usr/bin/cc -o conftest.exe -g -O2   conftest.c  >&5
configure:3434: $? = 0
configure:3436: ./conftest.exe
configure:3439: $? = 0
configure:3454: result: yes
configure:3472: checking for stdlib.h
configure:3477: result: no
configure:3481: checking float.h usability
configure:3493: /usr/bin/cc -c -g -O2  conftest.c >&5
configure:3499: $? = 0
configure:3503: test -z 
			 || test ! -s conftest.err
configure:3506: $? = 0
configure:3509: test -s conftest.o
configure:3512: $? = 0
configure:3522: result: yes
configure:3526: checking float.h presence
configure:3536: /usr/bin/cc -E  conftest.c
configure:3542: $? = 0
configure:3562: result: yes
configure:3597: checking for float.h
configure:3604: result: yes
configure:3481: checking math.h usability
configure:3493: /usr/bin/cc -c -g -O2  conftest.c >&5
configure:3499: $? = 0
configure:3503: test -z 
			 || test ! -s conftest.err
configure:3506: $? = 0
configure:3509: test -s conftest.o
configure:3512: $? = 0
configure:3522: result: yes
configure:3526: checking math.h presence
configure:3536: /usr/bin/cc -E  conftest.c
configure:3542: $? = 0
configure:3562: result: yes
configure:3597: checking for math.h
configure:3604: result: yes
configure:3635: checking for abs in -lm
configure:3665: /usr/bin/cc -o conftest.exe -g -O2   conftest.c -lm   >&5
conftest.c:20: warning: conflicting types for built-in function `abs'
configure:3671: $? = 0
configure:3675: test -z 
			 || test ! -s conftest.err
configure:3678: $? = 0
configure:3681: test -s conftest.exe
configure:3684: $? = 0
configure:3697: result: yes
configure:4177: checking for fabs in -lm
configure:4207: /usr/bin/cc -o conftest.exe -g -O2   conftest.c -lm   >&5
conftest.c:21: warning: conflicting types for built-in function `fabs'
configure:4213: $? = 0
configure:4217: test -z 
			 || test ! -s conftest.err
configure:4220: $? = 0
configure:4223: test -s conftest.exe
configure:4226: $? = 0
configure:4239: result: yes
configure:4255: checking for pow in -lm
configure:4285: /usr/bin/cc -o conftest.exe -g -O2   conftest.c -lm  -lm  >&5
configure:4291: $? = 0
configure:4295: test -z 
			 || test ! -s conftest.err
configure:4298: $? = 0
configure:4301: test -s conftest.exe
configure:4304: $? = 0
configure:4317: result: yes
configure:4333: checking for sqrt in -lm
configure:4363: /usr/bin/cc -o conftest.exe -g -O2   conftest.c -lm  -lm -lm  >&5
conftest.c:23: warning: conflicting types for built-in function `sqrt'
configure:4369: $? = 0
configure:4373: test -z 
			 || test ! -s conftest.err
configure:4376: $? = 0
configure:4379: test -s conftest.exe
configure:4382: $? = 0
configure:4395: result: yes
configure:4673: checking for additional required C libraries
configure:4684: result: -lm 
configure:4694: checking for int
configure:4718: /usr/bin/cc -c -g -O2  conftest.c >&5
configure:4724: $? = 0
configure:4728: test -z 
			 || test ! -s conftest.err
configure:4731: $? = 0
configure:4734: test -s conftest.o
configure:4737: $? = 0
configure:4748: result: yes
configure:4751: checking size of int
configure:5070: /usr/bin/cc -o conftest.exe -g -O2   conftest.c -lm  >&5
configure:5073: $? = 0
configure:5075: ./conftest.exe
configure:5078: $? = 0
configure:5101: result: 4
configure:5110: checking for long int
configure:5134: /usr/bin/cc -c -g -O2  conftest.c >&5
configure:5140: $? = 0
configure:5144: test -z 
			 || test ! -s conftest.err
configure:5147: $? = 0
configure:5150: test -s conftest.o
configure:5153: $? = 0
configure:5164: result: yes
configure:5167: checking size of long int
configure:5486: /usr/bin/cc -o conftest.exe -g -O2   conftest.c -lm  >&5
configure:5489: $? = 0
configure:5491: ./conftest.exe
configure:5494: $? = 0
configure:5517: result: 4
configure:5943: checking for double
configure:5967: /usr/bin/cc -c -g -O2  conftest.c >&5
configure:5973: $? = 0
configure:5977: test -z 
			 || test ! -s conftest.err
configure:5980: $? = 0
configure:5983: test -s conftest.o
configure:5986: $? = 0
configure:5997: result: yes
configure:6000: checking size of double
configure:6319: /usr/bin/cc -o conftest.exe -g -O2   conftest.c -lm  >&5
configure:6322: $? = 0
configure:6324: ./conftest.exe
configure:6327: $? = 0
configure:6350: result: 8
configure:6775: checking for egrep
configure:6785: result: grep -E
configure:6792: checking for fgrep
configure:6802: result: grep -F
configure:6880: checking for f77
configure:6909: result: no
configure:6880: checking for f77
configure:6909: result: no
configure:6880: checking for g77
configure:6909: result: no
configure:6924: checking for Fortran 77 compiler version
configure:6924:  --version </dev/null >&5
./configure: line 1: --version: command not found
configure:6927: $? = 127
configure:6929:  -v </dev/null >&5
./configure: line 1: -v: command not found
configure:6932: $? = 127
configure:6934:  -V </dev/null >&5
./configure: line 1: -V: command not found
configure:6937: $? = 127
configure:6945: checking whether we are using the GNU Fortran 77 compiler
configure:6959:  -c  conftest.F >&5
./configure: line 1: -c: command not found
configure:6965: $? = 127
configure: failed program was:
|       program main
| #ifndef __GNUC__
|        choke me
| #endif
| 
|       end
configure:6991: result: no
configure:6997: checking whether  accepts -g
configure:7009:  -c -g conftest.f >&5
./configure: line 1: -c: command not found
configure:7015: $? = 127
configure: failed program was:
|       program main
| 
|       end
configure:7040: result: no
configure:7069: WARNING: cannot find Fortran compiler
configure:8037: checking for mpicc
configure:8068: result: none
configure:8126: WARNING: cannot find MPI-C compiler
configure:8779: checking for ld used by GCC
configure:8842: result: /usr/i686-pc-cygwin/bin/ld.exe
configure:8851: checking if the linker (/usr/i686-pc-cygwin/bin/ld.exe) is GNU ld
GNU ld version 2.16.90 20050520
configure:8863: result: yes
configure:8868: checking for /usr/i686-pc-cygwin/bin/ld.exe option to reload object files
configure:8875: result: -r
configure:8880: checking for BSD-compatible nm
configure:8916: result: /usr/bin/nm -B
configure:8919: checking for a sed that does not truncate output
configure:9001: result: /usr/bin/sed
configure:9004: checking whether ln -s works
configure:9008: result: yes
configure:9015: checking how to recognise dependent libraries
configure:9196: result: file_magic file format pei*-i386(.*architecture: i386)?
configure:9208: checking command to parse /usr/bin/nm -B output
configure:9292: /usr/bin/cc -c -g -O2  conftest.c >&5
configure:9295: $? = 0
configure:9299: /usr/bin/nm -B conftest.o \| sed -n -e 's/^.*[ 	]\([ABCDGISTW][ABCDGISTW]*\)[ 	][ 	]*\(\)\([_A-Za-z][_A-Za-z0-9]*\)$/\1 \2\3 \3/p' \> conftest.nm
configure:9302: $? = 0
cannot find nm_test_var in conftest.nm
configure:9292: /usr/bin/cc -c -g -O2  conftest.c >&5
configure:9295: $? = 0
configure:9299: /usr/bin/nm -B conftest.o \| sed -n -e 's/^.*[ 	]\([ABCDGISTW][ABCDGISTW]*\)[ 	][ 	]*\(_\)\([_A-Za-z][_A-Za-z0-9]*\)$/\1 \2\3 \3/p' \> conftest.nm
configure:9302: $? = 0
configure:9354: /usr/bin/cc -o conftest.exe -g -O2   conftest.c conftstm.o >&5
configure:9357: $? = 0
configure:9401: result: ok
configure:9419: checking dlfcn.h usability
configure:9431: /usr/bin/cc -c -g -O2  conftest.c >&5
configure:9437: $? = 0
configure:9441: test -z 
			 || test ! -s conftest.err
configure:9444: $? = 0
configure:9447: test -s conftest.o
configure:9450: $? = 0
configure:9460: result: yes
configure:9464: checking dlfcn.h presence
configure:9474: /usr/bin/cc -E  conftest.c
configure:9480: $? = 0
configure:9500: result: yes
configure:9535: checking for dlfcn.h
configure:9542: result: yes
configure:9740: checking for ranlib
configure:9756: found /usr/bin/ranlib
configure:9767: result: ranlib
configure:9820: checking for strip
configure:9836: found /usr/bin/strip
configure:9847: result: strip
configure:10069: checking for objdir
configure:10080: result: .libs
configure:10097: checking for /usr/bin/cc option to produce PIC
configure:10243: result: -DDLL_EXPORT
configure:10247: checking if /usr/bin/cc PIC flag -DDLL_EXPORT works
configure:10270: /usr/bin/cc -c -g -O2 -DDLL_EXPORT -DPIC  conftest.c >&5
configure:10276: $? = 0
configure:10280: test -z 
			 || test ! -s conftest.err
configure:10283: $? = 0
configure:10286: test -s conftest.o
configure:10289: $? = 0
configure:10327: result: yes
configure:10343: checking if /usr/bin/cc static flag -static works
configure:10367: /usr/bin/cc -o conftest.exe -g -O2   -static conftest.c -lm  >&5
configure:10373: $? = 0
configure:10377: test -z 
			 || test ! -s conftest.err
configure:10380: $? = 0
configure:10383: test -s conftest.exe
configure:10386: $? = 0
configure:10403: result: yes
configure:10415: checking if /usr/bin/cc supports -c -o file.o
configure:10438: /usr/bin/cc -c -g -O2 -o out/conftest2.o  conftest.c >&5
configure:10459: result: yes
configure:10464: checking if /usr/bin/cc supports -c -o file.lo
configure:10491: /usr/bin/cc -c -g -O2 -c -o conftest.lo  conftest.c >&5
configure:10497: $? = 0
configure:10501: test -z 
			 || test ! -s conftest.err
configure:10504: $? = 0
configure:10507: test -s conftest.lo
configure:10510: $? = 0
configure:10532: result: yes
configure:10563: checking if /usr/bin/cc supports -fno-rtti -fno-exceptions
configure:10585: /usr/bin/cc -c -g -O2 -fno-rtti -fno-exceptions -c conftest.c  conftest.c >&5
cc1: warning: "-fno-rtti" is valid for C++ but not for C/ObjC
cc1: warning: "-fno-rtti" is valid for C++ but not for C/ObjC
configure:10591: $? = 0
configure:10595: test -z 
			 || test ! -s conftest.err
configure:10598: $? = 0
configure:10601: test -s conftest.o
configure:10604: $? = 0
configure:10621: result: no
configure:10632: checking whether the linker (/usr/i686-pc-cygwin/bin/ld.exe) supports shared libraries
configure:11327: result: yes
configure:11332: checking how to hardcode library paths into programs
configure:11356: result: immediate
configure:11361: checking whether stripping libraries is possible
configure:11366: result: yes
configure:11377: checking dynamic linker characteristics
configure:11784: result: Win32 ld.exe
configure:11789: checking if libtool supports shared libraries
configure:11791: result: yes
configure:11794: checking whether to build shared libraries
configure:11815: result: no
configure:11818: checking whether to build static libraries
configure:11822: result: yes
configure:13238: checking if we can build serial C examples
configure:13241: result: yes
configure:13246: checking if we can build parallel C examples
configure:13251: result: no
configure:13261: checking if we can build serial Fortran examples
configure:13266: result: no
configure:13271: checking if we can build parallel Fortran examples
configure:13276: result: no
configure:13351: checking for 'include' directory
configure:13387: result: /cygdrive/h/SFORGE_CVS/SBML_odeSolver/Win32/WinCVODE/sundials/include
configure:13390: checking for 'lib' directory
configure:13430: result: /cygdrive/h/SFORGE_CVS/SBML_odeSolver/Win32/WinCVODE/sundials/lib
configure:13688: creating ./config.status

## ---------------------- ##
## Running config.status. ##
## ---------------------- ##

This file was extended by SUNDIALS config.status 2.1.1, which was
generated by GNU Autoconf 2.59.  Invocation command line was

  CONFIG_FILES    = 
  CONFIG_HEADERS  = 
  CONFIG_LINKS    = 
  CONFIG_COMMANDS = 
  $ ./config.status 

on Andrew-PC

config.status:694: creating Makefile
config.status:694: creating shared/source/Makefile
config.status:694: creating nvec_ser/Makefile
config.status:694: creating cvode/source/Makefile
config.status:694: creating cvode/fcmix/Makefile
config.status:694: creating cvode/examples_ser/Makefile
config.status:694: creating cvodes/source/Makefile
config.status:694: creating cvodes/examples_ser/Makefile
config.status:694: creating ida/source/Makefile
config.status:694: creating ida/examples_ser/Makefile
config.status:694: creating kinsol/source/Makefile
config.status:694: creating kinsol/fcmix/Makefile
config.status:694: creating kinsol/examples_ser/Makefile
config.status:694: creating config/sundials_config.h
config.status:798: creating config.h

## ---------------- ##
## Cache variables. ##
## ---------------- ##

ac_cv_build=i686-pc-cygwin
ac_cv_build_alias=i686-pc-cygwin
ac_cv_c_compiler_gnu=yes
ac_cv_env_CC_set=
ac_cv_env_CC_value=
ac_cv_env_CFLAGS_set=
ac_cv_env_CFLAGS_value=
ac_cv_env_CPPFLAGS_set=
ac_cv_env_CPPFLAGS_value=
ac_cv_env_CPP_set=
ac_cv_env_CPP_value=
ac_cv_env_F77_set=
ac_cv_env_F77_value=
ac_cv_env_FFLAGS_set=
ac_cv_env_FFLAGS_value=
ac_cv_env_LDFLAGS_set=
ac_cv_env_LDFLAGS_value=
ac_cv_env_build_alias_set=
ac_cv_env_build_alias_value=
ac_cv_env_host_alias_set=
ac_cv_env_host_alias_value=
ac_cv_env_target_alias_set=
ac_cv_env_target_alias_value=
ac_cv_exeext=.exe
ac_cv_f77_compiler_gnu=no
ac_cv_header_dlfcn_h=yes
ac_cv_header_float_h=yes
ac_cv_header_inttypes_h=no
ac_cv_header_math_h=yes
ac_cv_header_memory_h=no
ac_cv_header_stdc=yes
ac_cv_header_stdint_h=no
ac_cv_header_stdlib_h=no
ac_cv_header_string_h=no
ac_cv_header_strings_h=no
ac_cv_header_sys_stat_h=no
ac_cv_header_sys_types_h=no
ac_cv_header_unistd_h=no
ac_cv_host=i686-pc-cygwin
ac_cv_host_alias=i686-pc-cygwin
ac_cv_lib_m_abs=yes
ac_cv_lib_m_fabs=yes
ac_cv_lib_m_pow=yes
ac_cv_lib_m_sqrt=yes
ac_cv_objext=o
ac_cv_path_CC_COMP=/usr/bin/cc
ac_cv_path_MPICC_COMP=none
ac_cv_path_install='/usr/bin/install -c'
ac_cv_prog_CPP='/usr/bin/cc -E'
ac_cv_prog_ac_ct_CC=cc
ac_cv_prog_ac_ct_RANLIB=ranlib
ac_cv_prog_ac_ct_STRIP=strip
ac_cv_prog_cc_g=yes
ac_cv_prog_cc_stdc=
ac_cv_prog_egrep='grep -E'
ac_cv_prog_f77_g=no
ac_cv_prog_fgrep='grep -F'
ac_cv_prog_make_make_set=yes
ac_cv_sizeof_double=8
ac_cv_sizeof_int=4
ac_cv_sizeof_long_int=4
ac_cv_type_double=yes
ac_cv_type_int=yes
ac_cv_type_long_int=yes
lt_cv_compiler_c_o=yes
lt_cv_compiler_o_lo=yes
lt_cv_deplibs_check_method='file_magic file format pei*-i386(.*architecture: i386)?'
lt_cv_file_magic_cmd='$OBJDUMP -f'
lt_cv_file_magic_test_file=
lt_cv_global_symbol_to_c_name_address='sed -n -e '\''s/^: \([^ ]*\) $/  {\"\1\", (lt_ptr) 0},/p'\'' -e '\''s/^[BCDEGRST] \([^ ]*\) \([^ ]*\)$/  {"\2", (lt_ptr) \&\2},/p'\'''
lt_cv_global_symbol_to_cdecl='sed -n -e '\''s/^. .* \(.*\)$/extern char \1;/p'\'''
lt_cv_ld_reload_flag=-r
lt_cv_path_LD=/usr/i686-pc-cygwin/bin/ld.exe
lt_cv_path_NM='/usr/bin/nm -B'
lt_cv_path_SED=/usr/bin/sed
lt_cv_prog_cc_can_build_shared=yes
lt_cv_prog_cc_no_builtin=
lt_cv_prog_cc_pic=' -DDLL_EXPORT'
lt_cv_prog_cc_pic_works=yes
lt_cv_prog_cc_shlib=
lt_cv_prog_cc_static=-static
lt_cv_prog_cc_static_works=yes
lt_cv_prog_cc_wl=-Wl,
lt_cv_prog_gnu_ld=yes
lt_cv_sys_global_symbol_pipe='sed -n -e '\''s/^.*[ 	]\([ABCDGISTW][ABCDGISTW]*\)[ 	][ 	]*\(_\)\([_A-Za-z][_A-Za-z0-9]*\)$/\1 \2\3 \3/p'\'''

## ----------------- ##
## Output variables. ##
## ----------------- ##

CC='/usr/bin/cc'
CC_COMP='/usr/bin/cc'
CFLAGS='-g -O2'
COMPILER_PREFIX=''
CPP='/usr/bin/cc -E'
CPPFLAGS=''
DEFS='-DHAVE_CONFIG_H'
ECHO='echo'
ECHO_C=''
ECHO_N='-n'
ECHO_T=''
EGREP='grep -E'
EXAMPLE_MODULES=' cvode/examples_ser cvodes/examples_ser ida/examples_ser kinsol/examples_ser'
EXEEXT='.exe'
F77=''
F77_CASE=''
F77_COMP=''
F77_MANGLE_MACRO=''
F77_UNDERSCORES=''
FCMIX_ENABLED='yes'
FFLAGS=''
FGREP='grep -F'
FLIBS=''
FLOAT_TYPE='double'
GENERIC_MATH_LIB='#define SUNDIALS_USE_GENERIC_MATH 1'
INSTALL_DATA='${INSTALL} -m 644'
INSTALL_PROGRAM='${INSTALL}'
INSTALL_SCRIPT='${INSTALL}'
LDFLAGS=''
LIBOBJS=''
LIBS='-lm '
LIBTOOL='$(SHELL) $(top_builddir)/libtool'
LIBTOOL_CMD=''
LIBTOOL_DEPS='config/ltmain.sh'
LINKER_PREFIX=''
LN_S='ln -s'
LTLIBOBJS=''
MODULES='shared/source cvode/source cvode/fcmix cvodes/source ida/source kinsol/source kinsol/fcmix'
MPICC=''
MPICC_COMP=''
MPIF77=''
MPIF77_COMP='mpif77'
MPI_FLAGS=''
MPI_INC_DIR=''
MPI_LIBS=''
MPI_LIB_DIR=''
NVEC_MODULES='nvec_ser'
OBJEXT='o'
PACKAGE_BUGREPORT='radu@llnl.gov'
PACKAGE_NAME='SUNDIALS'
PACKAGE_STRING='SUNDIALS 2.1.1'
PACKAGE_TARNAME='sundials'
PACKAGE_VERSION='2.1.1'
PATH_SEPARATOR=':'
PRECISION_LEVEL='#define SUNDIALS_DOUBLE_PRECISION 1'
RANLIB='ranlib'
SET_MAKE=''
SHELL='/bin/bash'
STRIP='strip'
ac_ct_CC='cc'
ac_ct_F77=''
ac_ct_RANLIB='ranlib'
ac_ct_STRIP='strip'
bindir='${exec_prefix}/bin'
build='i686-pc-cygwin'
build_alias=''
build_cpu='i686'
build_os='cygwin'
build_vendor='pc'
datadir='${prefix}/share'
exec_prefix='${prefix}'
host='i686-pc-cygwin'
host_alias=''
host_cpu='i686'
host_os='cygwin'
host_vendor='pc'
includedir='${prefix}/include'
infodir='${prefix}/info'
libdir='${exec_prefix}/lib'
libexecdir='${exec_prefix}/libexec'
localstatedir='${prefix}/var'
mandir='${prefix}/man'
oldincludedir='/usr/include'
prefix='/cygdrive/h/SFORGE_CVS/SBML_odeSolver/Win32/WinCVODE/sundials'
program_transform_name='s,x,x,'
sbindir='${exec_prefix}/sbin'
sharedstatedir='${prefix}/com'
sysconfdir='${prefix}/etc'
target_alias=''

## ----------- ##
## confdefs.h. ##
## ----------- ##

#define HAVE_DLFCN_H 1
#define HAVE_FLOAT_H 1
#define HAVE_LIBM 1
#define HAVE_LIBM 1
#define HAVE_LIBM 1
#define HAVE_LIBM 1
#define HAVE_MATH_H 1
#define PACKAGE_BUGREPORT "radu@llnl.gov"
#define PACKAGE_NAME "SUNDIALS"
#define PACKAGE_STRING "SUNDIALS 2.1.1"
#define PACKAGE_TARNAME "sundials"
#define PACKAGE_VERSION "2.1.1"
#define SIZEOF_DOUBLE 8
#define SIZEOF_INT 4
#define SIZEOF_LONG_INT 4
#define STDC_HEADERS 1
#define SUNDIALS_DOUBLE_PRECISION 1
#define SUNDIALS_USE_GENERIC_MATH 1

configure: exit 0
